[2025-06-25 14:22:52] local.ERROR: SQLSTATE[HY000]: General error: 1364 Field 'kode_makul' doesn't have a default value (Connection: mysql, SQL: insert into `makul` () values ()) {"exception":"[object] (Illuminate\\Database\\QueryException(code: HY000): SQLSTATE[HY000]: General error: 1364 Field 'kode_makul' doesn't have a default value (Connection: mysql, SQL: insert into `makul` () values ()) at C:\\xampp\\htdocs\\rekayasa-web\\vendor\\illuminate\\database\\Connection.php:829)
[stacktrace]
#0 C:\\xampp\\htdocs\\rekayasa-web\\vendor\\illuminate\\database\\Connection.php(783): Illuminate\\Database\\Connection->runQueryCallback('insert into `ma...', Array, Object(Closure))
#1 C:\\xampp\\htdocs\\rekayasa-web\\vendor\\illuminate\\database\\MySqlConnection.php(34): Illuminate\\Database\\Connection->run('insert into `ma...', Array, Object(Closure))
#2 C:\\xampp\\htdocs\\rekayasa-web\\vendor\\illuminate\\database\\Query\\Processors\\MySqlProcessor.php(35): Illuminate\\Database\\MySqlConnection->insert('insert into `ma...', Array, 'id')
#3 C:\\xampp\\htdocs\\rekayasa-web\\vendor\\illuminate\\database\\Query\\Builder.php(3549): Illuminate\\Database\\Query\\Processors\\MySqlProcessor->processInsertGetId(Object(Illuminate\\Database\\Query\\Builder), 'insert into `ma...', Array, 'id')
#4 C:\\xampp\\htdocs\\rekayasa-web\\vendor\\illuminate\\database\\Eloquent\\Builder.php(1982): Illuminate\\Database\\Query\\Builder->insertGetId(Array, 'id')
#5 C:\\xampp\\htdocs\\rekayasa-web\\vendor\\illuminate\\database\\Eloquent\\Model.php(1334): Illuminate\\Database\\Eloquent\\Builder->__call('insertGetId', Array)
#6 C:\\xampp\\htdocs\\rekayasa-web\\vendor\\illuminate\\database\\Eloquent\\Model.php(1299): Illuminate\\Database\\Eloquent\\Model->insertAndSetId(Object(Illuminate\\Database\\Eloquent\\Builder), Array)
#7 C:\\xampp\\htdocs\\rekayasa-web\\vendor\\illuminate\\database\\Eloquent\\Model.php(1138): Illuminate\\Database\\Eloquent\\Model->performInsert(Object(Illuminate\\Database\\Eloquent\\Builder))
#8 C:\\xampp\\htdocs\\rekayasa-web\\vendor\\illuminate\\database\\Eloquent\\Builder.php(1025): Illuminate\\Database\\Eloquent\\Model->save()
#9 C:\\xampp\\htdocs\\rekayasa-web\\vendor\\illuminate\\support\\helpers.php(320): Illuminate\\Database\\Eloquent\\Builder->Illuminate\\Database\\Eloquent\\{closure}(Object(App\\Models\\Makul))
#10 C:\\xampp\\htdocs\\rekayasa-web\\vendor\\illuminate\\database\\Eloquent\\Builder.php(1024): tap(Object(App\\Models\\Makul), Object(Closure))
#11 C:\\xampp\\htdocs\\rekayasa-web\\vendor\\illuminate\\support\\Traits\\ForwardsCalls.php(23): Illuminate\\Database\\Eloquent\\Builder->create(Array)
#12 C:\\xampp\\htdocs\\rekayasa-web\\vendor\\illuminate\\database\\Eloquent\\Model.php(2335): Illuminate\\Database\\Eloquent\\Model->forwardCallTo(Object(Illuminate\\Database\\Eloquent\\Builder), 'create', Array)
#13 C:\\xampp\\htdocs\\rekayasa-web\\vendor\\illuminate\\database\\Eloquent\\Model.php(2347): Illuminate\\Database\\Eloquent\\Model->__call('create', Array)
#14 C:\\xampp\\htdocs\\rekayasa-web\\app\\Http\\Controllers\\MakulController.php(20): Illuminate\\Database\\Eloquent\\Model::__callStatic('create', Array)
#15 C:\\xampp\\htdocs\\rekayasa-web\\vendor\\illuminate\\container\\BoundMethod.php(36): App\\Http\\Controllers\\MakulController->create(Object(Laravel\\Lumen\\Http\\Request))
#16 C:\\xampp\\htdocs\\rekayasa-web\\vendor\\illuminate\\container\\Util.php(41): Illuminate\\Container\\BoundMethod::Illuminate\\Container\\{closure}()
#17 C:\\xampp\\htdocs\\rekayasa-web\\vendor\\illuminate\\container\\BoundMethod.php(93): Illuminate\\Container\\Util::unwrapIfClosure(Object(Closure))
#18 C:\\xampp\\htdocs\\rekayasa-web\\vendor\\illuminate\\container\\BoundMethod.php(35): Illuminate\\Container\\BoundMethod::callBoundMethod(Object(Laravel\\Lumen\\Application), Array, Object(Closure))
#19 C:\\xampp\\htdocs\\rekayasa-web\\vendor\\illuminate\\container\\Container.php(662): Illuminate\\Container\\BoundMethod::call(Object(Laravel\\Lumen\\Application), Array, Array, NULL)
#20 C:\\xampp\\htdocs\\rekayasa-web\\vendor\\laravel\\lumen-framework\\src\\Concerns\\RoutesRequests.php(391): Illuminate\\Container\\Container->call(Array, Array)
#21 C:\\xampp\\htdocs\\rekayasa-web\\vendor\\laravel\\lumen-framework\\src\\Concerns\\RoutesRequests.php(376): Laravel\\Lumen\\Application->callControllerCallable(Array, Array)
#22 C:\\xampp\\htdocs\\rekayasa-web\\vendor\\laravel\\lumen-framework\\src\\Routing\\Pipeline.php(48): Laravel\\Lumen\\Application->Laravel\\Lumen\\Concerns\\{closure}(Object(Laravel\\Lumen\\Http\\Request))
#23 C:\\xampp\\htdocs\\rekayasa-web\\app\\Http\\Middleware\\Authenticate.php(42): Laravel\\Lumen\\Routing\\Pipeline->Laravel\\Lumen\\Routing\\{closure}(Object(Laravel\\Lumen\\Http\\Request))
#24 C:\\xampp\\htdocs\\rekayasa-web\\vendor\\illuminate\\pipeline\\Pipeline.php(183): App\\Http\\Middleware\\Authenticate->handle(Object(Laravel\\Lumen\\Http\\Request), Object(Closure), 'api')
#25 C:\\xampp\\htdocs\\rekayasa-web\\vendor\\laravel\\lumen-framework\\src\\Routing\\Pipeline.php(30): Illuminate\\Pipeline\\Pipeline->Illuminate\\Pipeline\\{closure}(Object(Laravel\\Lumen\\Http\\Request))
#26 C:\\xampp\\htdocs\\rekayasa-web\\vendor\\illuminate\\pipeline\\Pipeline.php(119): Laravel\\Lumen\\Routing\\Pipeline->Laravel\\Lumen\\Routing\\{closure}(Object(Laravel\\Lumen\\Http\\Request))
#27 C:\\xampp\\htdocs\\rekayasa-web\\vendor\\laravel\\lumen-framework\\src\\Concerns\\RoutesRequests.php(428): Illuminate\\Pipeline\\Pipeline->then(Object(Closure))
#28 C:\\xampp\\htdocs\\rekayasa-web\\vendor\\laravel\\lumen-framework\\src\\Concerns\\RoutesRequests.php(375): Laravel\\Lumen\\Application->sendThroughPipeline(Array, Object(Closure))
#29 C:\\xampp\\htdocs\\rekayasa-web\\vendor\\laravel\\lumen-framework\\src\\Concerns\\RoutesRequests.php(352): Laravel\\Lumen\\Application->callLumenControllerWithMiddleware(Object(App\\Http\\Controllers\\MakulController), 'create', Array, Array)
#30 C:\\xampp\\htdocs\\rekayasa-web\\vendor\\laravel\\lumen-framework\\src\\Concerns\\RoutesRequests.php(331): Laravel\\Lumen\\Application->callLumenController(Object(App\\Http\\Controllers\\MakulController), 'create', Array)
#31 C:\\xampp\\htdocs\\rekayasa-web\\vendor\\laravel\\lumen-framework\\src\\Concerns\\RoutesRequests.php(284): Laravel\\Lumen\\Application->callControllerAction(Array)
#32 C:\\xampp\\htdocs\\rekayasa-web\\vendor\\laravel\\lumen-framework\\src\\Concerns\\RoutesRequests.php(269): Laravel\\Lumen\\Application->callActionOnArrayBasedRoute(Array)
#33 C:\\xampp\\htdocs\\rekayasa-web\\vendor\\laravel\\lumen-framework\\src\\Concerns\\RoutesRequests.php(171): Laravel\\Lumen\\Application->handleFoundRoute(Array)
#34 C:\\xampp\\htdocs\\rekayasa-web\\vendor\\laravel\\lumen-framework\\src\\Concerns\\RoutesRequests.php(431): Laravel\\Lumen\\Application->Laravel\\Lumen\\Concerns\\{closure}(Object(Laravel\\Lumen\\Http\\Request))
#35 C:\\xampp\\htdocs\\rekayasa-web\\vendor\\laravel\\lumen-framework\\src\\Concerns\\RoutesRequests.php(167): Laravel\\Lumen\\Application->sendThroughPipeline(Array, Object(Closure))
#36 C:\\xampp\\htdocs\\rekayasa-web\\vendor\\laravel\\lumen-framework\\src\\Concerns\\RoutesRequests.php(112): Laravel\\Lumen\\Application->dispatch(NULL)
#37 C:\\xampp\\htdocs\\rekayasa-web\\public\\index.php(28): Laravel\\Lumen\\Application->run()
#38 {main}

[previous exception] [object] (PDOException(code: HY000): SQLSTATE[HY000]: General error: 1364 Field 'kode_makul' doesn't have a default value at C:\\xampp\\htdocs\\rekayasa-web\\vendor\\illuminate\\database\\MySqlConnection.php:45)
[stacktrace]
#0 C:\\xampp\\htdocs\\rekayasa-web\\vendor\\illuminate\\database\\MySqlConnection.php(45): PDOStatement->execute()
#1 C:\\xampp\\htdocs\\rekayasa-web\\vendor\\illuminate\\database\\Connection.php(816): Illuminate\\Database\\MySqlConnection->Illuminate\\Database\\{closure}('insert into `ma...', Array)
#2 C:\\xampp\\htdocs\\rekayasa-web\\vendor\\illuminate\\database\\Connection.php(783): Illuminate\\Database\\Connection->runQueryCallback('insert into `ma...', Array, Object(Closure))
#3 C:\\xampp\\htdocs\\rekayasa-web\\vendor\\illuminate\\database\\MySqlConnection.php(34): Illuminate\\Database\\Connection->run('insert into `ma...', Array, Object(Closure))
#4 C:\\xampp\\htdocs\\rekayasa-web\\vendor\\illuminate\\database\\Query\\Processors\\MySqlProcessor.php(35): Illuminate\\Database\\MySqlConnection->insert('insert into `ma...', Array, 'id')
#5 C:\\xampp\\htdocs\\rekayasa-web\\vendor\\illuminate\\database\\Query\\Builder.php(3549): Illuminate\\Database\\Query\\Processors\\MySqlProcessor->processInsertGetId(Object(Illuminate\\Database\\Query\\Builder), 'insert into `ma...', Array, 'id')
#6 C:\\xampp\\htdocs\\rekayasa-web\\vendor\\illuminate\\database\\Eloquent\\Builder.php(1982): Illuminate\\Database\\Query\\Builder->insertGetId(Array, 'id')
#7 C:\\xampp\\htdocs\\rekayasa-web\\vendor\\illuminate\\database\\Eloquent\\Model.php(1334): Illuminate\\Database\\Eloquent\\Builder->__call('insertGetId', Array)
#8 C:\\xampp\\htdocs\\rekayasa-web\\vendor\\illuminate\\database\\Eloquent\\Model.php(1299): Illuminate\\Database\\Eloquent\\Model->insertAndSetId(Object(Illuminate\\Database\\Eloquent\\Builder), Array)
#9 C:\\xampp\\htdocs\\rekayasa-web\\vendor\\illuminate\\database\\Eloquent\\Model.php(1138): Illuminate\\Database\\Eloquent\\Model->performInsert(Object(Illuminate\\Database\\Eloquent\\Builder))
#10 C:\\xampp\\htdocs\\rekayasa-web\\vendor\\illuminate\\database\\Eloquent\\Builder.php(1025): Illuminate\\Database\\Eloquent\\Model->save()
#11 C:\\xampp\\htdocs\\rekayasa-web\\vendor\\illuminate\\support\\helpers.php(320): Illuminate\\Database\\Eloquent\\Builder->Illuminate\\Database\\Eloquent\\{closure}(Object(App\\Models\\Makul))
#12 C:\\xampp\\htdocs\\rekayasa-web\\vendor\\illuminate\\database\\Eloquent\\Builder.php(1024): tap(Object(App\\Models\\Makul), Object(Closure))
#13 C:\\xampp\\htdocs\\rekayasa-web\\vendor\\illuminate\\support\\Traits\\ForwardsCalls.php(23): Illuminate\\Database\\Eloquent\\Builder->create(Array)
#14 C:\\xampp\\htdocs\\rekayasa-web\\vendor\\illuminate\\database\\Eloquent\\Model.php(2335): Illuminate\\Database\\Eloquent\\Model->forwardCallTo(Object(Illuminate\\Database\\Eloquent\\Builder), 'create', Array)
#15 C:\\xampp\\htdocs\\rekayasa-web\\vendor\\illuminate\\database\\Eloquent\\Model.php(2347): Illuminate\\Database\\Eloquent\\Model->__call('create', Array)
#16 C:\\xampp\\htdocs\\rekayasa-web\\app\\Http\\Controllers\\MakulController.php(20): Illuminate\\Database\\Eloquent\\Model::__callStatic('create', Array)
#17 C:\\xampp\\htdocs\\rekayasa-web\\vendor\\illuminate\\container\\BoundMethod.php(36): App\\Http\\Controllers\\MakulController->create(Object(Laravel\\Lumen\\Http\\Request))
#18 C:\\xampp\\htdocs\\rekayasa-web\\vendor\\illuminate\\container\\Util.php(41): Illuminate\\Container\\BoundMethod::Illuminate\\Container\\{closure}()
#19 C:\\xampp\\htdocs\\rekayasa-web\\vendor\\illuminate\\container\\BoundMethod.php(93): Illuminate\\Container\\Util::unwrapIfClosure(Object(Closure))
#20 C:\\xampp\\htdocs\\rekayasa-web\\vendor\\illuminate\\container\\BoundMethod.php(35): Illuminate\\Container\\BoundMethod::callBoundMethod(Object(Laravel\\Lumen\\Application), Array, Object(Closure))
#21 C:\\xampp\\htdocs\\rekayasa-web\\vendor\\illuminate\\container\\Container.php(662): Illuminate\\Container\\BoundMethod::call(Object(Laravel\\Lumen\\Application), Array, Array, NULL)
#22 C:\\xampp\\htdocs\\rekayasa-web\\vendor\\laravel\\lumen-framework\\src\\Concerns\\RoutesRequests.php(391): Illuminate\\Container\\Container->call(Array, Array)
#23 C:\\xampp\\htdocs\\rekayasa-web\\vendor\\laravel\\lumen-framework\\src\\Concerns\\RoutesRequests.php(376): Laravel\\Lumen\\Application->callControllerCallable(Array, Array)
#24 C:\\xampp\\htdocs\\rekayasa-web\\vendor\\laravel\\lumen-framework\\src\\Routing\\Pipeline.php(48): Laravel\\Lumen\\Application->Laravel\\Lumen\\Concerns\\{closure}(Object(Laravel\\Lumen\\Http\\Request))
#25 C:\\xampp\\htdocs\\rekayasa-web\\app\\Http\\Middleware\\Authenticate.php(42): Laravel\\Lumen\\Routing\\Pipeline->Laravel\\Lumen\\Routing\\{closure}(Object(Laravel\\Lumen\\Http\\Request))
#26 C:\\xampp\\htdocs\\rekayasa-web\\vendor\\illuminate\\pipeline\\Pipeline.php(183): App\\Http\\Middleware\\Authenticate->handle(Object(Laravel\\Lumen\\Http\\Request), Object(Closure), 'api')
#27 C:\\xampp\\htdocs\\rekayasa-web\\vendor\\laravel\\lumen-framework\\src\\Routing\\Pipeline.php(30): Illuminate\\Pipeline\\Pipeline->Illuminate\\Pipeline\\{closure}(Object(Laravel\\Lumen\\Http\\Request))
#28 C:\\xampp\\htdocs\\rekayasa-web\\vendor\\illuminate\\pipeline\\Pipeline.php(119): Laravel\\Lumen\\Routing\\Pipeline->Laravel\\Lumen\\Routing\\{closure}(Object(Laravel\\Lumen\\Http\\Request))
#29 C:\\xampp\\htdocs\\rekayasa-web\\vendor\\laravel\\lumen-framework\\src\\Concerns\\RoutesRequests.php(428): Illuminate\\Pipeline\\Pipeline->then(Object(Closure))
#30 C:\\xampp\\htdocs\\rekayasa-web\\vendor\\laravel\\lumen-framework\\src\\Concerns\\RoutesRequests.php(375): Laravel\\Lumen\\Application->sendThroughPipeline(Array, Object(Closure))
#31 C:\\xampp\\htdocs\\rekayasa-web\\vendor\\laravel\\lumen-framework\\src\\Concerns\\RoutesRequests.php(352): Laravel\\Lumen\\Application->callLumenControllerWithMiddleware(Object(App\\Http\\Controllers\\MakulController), 'create', Array, Array)
#32 C:\\xampp\\htdocs\\rekayasa-web\\vendor\\laravel\\lumen-framework\\src\\Concerns\\RoutesRequests.php(331): Laravel\\Lumen\\Application->callLumenController(Object(App\\Http\\Controllers\\MakulController), 'create', Array)
#33 C:\\xampp\\htdocs\\rekayasa-web\\vendor\\laravel\\lumen-framework\\src\\Concerns\\RoutesRequests.php(284): Laravel\\Lumen\\Application->callControllerAction(Array)
#34 C:\\xampp\\htdocs\\rekayasa-web\\vendor\\laravel\\lumen-framework\\src\\Concerns\\RoutesRequests.php(269): Laravel\\Lumen\\Application->callActionOnArrayBasedRoute(Array)
#35 C:\\xampp\\htdocs\\rekayasa-web\\vendor\\laravel\\lumen-framework\\src\\Concerns\\RoutesRequests.php(171): Laravel\\Lumen\\Application->handleFoundRoute(Array)
#36 C:\\xampp\\htdocs\\rekayasa-web\\vendor\\laravel\\lumen-framework\\src\\Concerns\\RoutesRequests.php(431): Laravel\\Lumen\\Application->Laravel\\Lumen\\Concerns\\{closure}(Object(Laravel\\Lumen\\Http\\Request))
#37 C:\\xampp\\htdocs\\rekayasa-web\\vendor\\laravel\\lumen-framework\\src\\Concerns\\RoutesRequests.php(167): Laravel\\Lumen\\Application->sendThroughPipeline(Array, Object(Closure))
#38 C:\\xampp\\htdocs\\rekayasa-web\\vendor\\laravel\\lumen-framework\\src\\Concerns\\RoutesRequests.php(112): Laravel\\Lumen\\Application->dispatch(NULL)
#39 C:\\xampp\\htdocs\\rekayasa-web\\public\\index.php(28): Laravel\\Lumen\\Application->run()
#40 {main}
"} 
[2025-06-25 14:28:12] local.ERROR: SQLSTATE[HY000]: General error: 1364 Field 'jurusan' doesn't have a default value (Connection: mysql, SQL: insert into `mahasiswa` (`nim_mhs`, `nama_mhs`, `alamat`) values (g231.66.999, joko kendi , perapatan mekah 
)) {"exception":"[object] (Illuminate\\Database\\QueryException(code: HY000): SQLSTATE[HY000]: General error: 1364 Field 'jurusan' doesn't have a default value (Connection: mysql, SQL: insert into `mahasiswa` (`nim_mhs`, `nama_mhs`, `alamat`) values (g231.66.999, joko kendi , perapatan mekah 
)) at C:\\xampp\\htdocs\\rekayasa-web\\vendor\\illuminate\\database\\Connection.php:829)
[stacktrace]
#0 C:\\xampp\\htdocs\\rekayasa-web\\vendor\\illuminate\\database\\Connection.php(783): Illuminate\\Database\\Connection->runQueryCallback('insert into `ma...', Array, Object(Closure))
#1 C:\\xampp\\htdocs\\rekayasa-web\\vendor\\illuminate\\database\\MySqlConnection.php(34): Illuminate\\Database\\Connection->run('insert into `ma...', Array, Object(Closure))
#2 C:\\xampp\\htdocs\\rekayasa-web\\vendor\\illuminate\\database\\Query\\Processors\\MySqlProcessor.php(35): Illuminate\\Database\\MySqlConnection->insert('insert into `ma...', Array, 'id')
#3 C:\\xampp\\htdocs\\rekayasa-web\\vendor\\illuminate\\database\\Query\\Builder.php(3549): Illuminate\\Database\\Query\\Processors\\MySqlProcessor->processInsertGetId(Object(Illuminate\\Database\\Query\\Builder), 'insert into `ma...', Array, 'id')
#4 C:\\xampp\\htdocs\\rekayasa-web\\vendor\\illuminate\\database\\Eloquent\\Builder.php(1982): Illuminate\\Database\\Query\\Builder->insertGetId(Array, 'id')
#5 C:\\xampp\\htdocs\\rekayasa-web\\vendor\\illuminate\\database\\Eloquent\\Model.php(1334): Illuminate\\Database\\Eloquent\\Builder->__call('insertGetId', Array)
#6 C:\\xampp\\htdocs\\rekayasa-web\\vendor\\illuminate\\database\\Eloquent\\Model.php(1299): Illuminate\\Database\\Eloquent\\Model->insertAndSetId(Object(Illuminate\\Database\\Eloquent\\Builder), Array)
#7 C:\\xampp\\htdocs\\rekayasa-web\\vendor\\illuminate\\database\\Eloquent\\Model.php(1138): Illuminate\\Database\\Eloquent\\Model->performInsert(Object(Illuminate\\Database\\Eloquent\\Builder))
#8 C:\\xampp\\htdocs\\rekayasa-web\\vendor\\illuminate\\database\\Eloquent\\Builder.php(1025): Illuminate\\Database\\Eloquent\\Model->save()
#9 C:\\xampp\\htdocs\\rekayasa-web\\vendor\\illuminate\\support\\helpers.php(320): Illuminate\\Database\\Eloquent\\Builder->Illuminate\\Database\\Eloquent\\{closure}(Object(App\\Models\\Mahasiswa))
#10 C:\\xampp\\htdocs\\rekayasa-web\\vendor\\illuminate\\database\\Eloquent\\Builder.php(1024): tap(Object(App\\Models\\Mahasiswa), Object(Closure))
#11 C:\\xampp\\htdocs\\rekayasa-web\\vendor\\illuminate\\support\\Traits\\ForwardsCalls.php(23): Illuminate\\Database\\Eloquent\\Builder->create(Array)
#12 C:\\xampp\\htdocs\\rekayasa-web\\vendor\\illuminate\\database\\Eloquent\\Model.php(2335): Illuminate\\Database\\Eloquent\\Model->forwardCallTo(Object(Illuminate\\Database\\Eloquent\\Builder), 'create', Array)
#13 C:\\xampp\\htdocs\\rekayasa-web\\vendor\\illuminate\\database\\Eloquent\\Model.php(2347): Illuminate\\Database\\Eloquent\\Model->__call('create', Array)
#14 C:\\xampp\\htdocs\\rekayasa-web\\app\\Http\\Controllers\\MahasiswaController.php(20): Illuminate\\Database\\Eloquent\\Model::__callStatic('create', Array)
#15 C:\\xampp\\htdocs\\rekayasa-web\\vendor\\illuminate\\container\\BoundMethod.php(36): App\\Http\\Controllers\\MahasiswaController->create(Object(Laravel\\Lumen\\Http\\Request))
#16 C:\\xampp\\htdocs\\rekayasa-web\\vendor\\illuminate\\container\\Util.php(41): Illuminate\\Container\\BoundMethod::Illuminate\\Container\\{closure}()
#17 C:\\xampp\\htdocs\\rekayasa-web\\vendor\\illuminate\\container\\BoundMethod.php(93): Illuminate\\Container\\Util::unwrapIfClosure(Object(Closure))
#18 C:\\xampp\\htdocs\\rekayasa-web\\vendor\\illuminate\\container\\BoundMethod.php(35): Illuminate\\Container\\BoundMethod::callBoundMethod(Object(Laravel\\Lumen\\Application), Array, Object(Closure))
#19 C:\\xampp\\htdocs\\rekayasa-web\\vendor\\illuminate\\container\\Container.php(662): Illuminate\\Container\\BoundMethod::call(Object(Laravel\\Lumen\\Application), Array, Array, NULL)
#20 C:\\xampp\\htdocs\\rekayasa-web\\vendor\\laravel\\lumen-framework\\src\\Concerns\\RoutesRequests.php(391): Illuminate\\Container\\Container->call(Array, Array)
#21 C:\\xampp\\htdocs\\rekayasa-web\\vendor\\laravel\\lumen-framework\\src\\Concerns\\RoutesRequests.php(376): Laravel\\Lumen\\Application->callControllerCallable(Array, Array)
#22 C:\\xampp\\htdocs\\rekayasa-web\\vendor\\laravel\\lumen-framework\\src\\Routing\\Pipeline.php(48): Laravel\\Lumen\\Application->Laravel\\Lumen\\Concerns\\{closure}(Object(Laravel\\Lumen\\Http\\Request))
#23 C:\\xampp\\htdocs\\rekayasa-web\\app\\Http\\Middleware\\Authenticate.php(42): Laravel\\Lumen\\Routing\\Pipeline->Laravel\\Lumen\\Routing\\{closure}(Object(Laravel\\Lumen\\Http\\Request))
#24 C:\\xampp\\htdocs\\rekayasa-web\\vendor\\illuminate\\pipeline\\Pipeline.php(183): App\\Http\\Middleware\\Authenticate->handle(Object(Laravel\\Lumen\\Http\\Request), Object(Closure), 'api')
#25 C:\\xampp\\htdocs\\rekayasa-web\\vendor\\laravel\\lumen-framework\\src\\Routing\\Pipeline.php(30): Illuminate\\Pipeline\\Pipeline->Illuminate\\Pipeline\\{closure}(Object(Laravel\\Lumen\\Http\\Request))
#26 C:\\xampp\\htdocs\\rekayasa-web\\vendor\\illuminate\\pipeline\\Pipeline.php(119): Laravel\\Lumen\\Routing\\Pipeline->Laravel\\Lumen\\Routing\\{closure}(Object(Laravel\\Lumen\\Http\\Request))
#27 C:\\xampp\\htdocs\\rekayasa-web\\vendor\\laravel\\lumen-framework\\src\\Concerns\\RoutesRequests.php(428): Illuminate\\Pipeline\\Pipeline->then(Object(Closure))
#28 C:\\xampp\\htdocs\\rekayasa-web\\vendor\\laravel\\lumen-framework\\src\\Concerns\\RoutesRequests.php(375): Laravel\\Lumen\\Application->sendThroughPipeline(Array, Object(Closure))
#29 C:\\xampp\\htdocs\\rekayasa-web\\vendor\\laravel\\lumen-framework\\src\\Concerns\\RoutesRequests.php(352): Laravel\\Lumen\\Application->callLumenControllerWithMiddleware(Object(App\\Http\\Controllers\\MahasiswaController), 'create', Array, Array)
#30 C:\\xampp\\htdocs\\rekayasa-web\\vendor\\laravel\\lumen-framework\\src\\Concerns\\RoutesRequests.php(331): Laravel\\Lumen\\Application->callLumenController(Object(App\\Http\\Controllers\\MahasiswaController), 'create', Array)
#31 C:\\xampp\\htdocs\\rekayasa-web\\vendor\\laravel\\lumen-framework\\src\\Concerns\\RoutesRequests.php(284): Laravel\\Lumen\\Application->callControllerAction(Array)
#32 C:\\xampp\\htdocs\\rekayasa-web\\vendor\\laravel\\lumen-framework\\src\\Concerns\\RoutesRequests.php(269): Laravel\\Lumen\\Application->callActionOnArrayBasedRoute(Array)
#33 C:\\xampp\\htdocs\\rekayasa-web\\vendor\\laravel\\lumen-framework\\src\\Concerns\\RoutesRequests.php(171): Laravel\\Lumen\\Application->handleFoundRoute(Array)
#34 C:\\xampp\\htdocs\\rekayasa-web\\vendor\\laravel\\lumen-framework\\src\\Concerns\\RoutesRequests.php(431): Laravel\\Lumen\\Application->Laravel\\Lumen\\Concerns\\{closure}(Object(Laravel\\Lumen\\Http\\Request))
#35 C:\\xampp\\htdocs\\rekayasa-web\\vendor\\laravel\\lumen-framework\\src\\Concerns\\RoutesRequests.php(167): Laravel\\Lumen\\Application->sendThroughPipeline(Array, Object(Closure))
#36 C:\\xampp\\htdocs\\rekayasa-web\\vendor\\laravel\\lumen-framework\\src\\Concerns\\RoutesRequests.php(112): Laravel\\Lumen\\Application->dispatch(NULL)
#37 C:\\xampp\\htdocs\\rekayasa-web\\public\\index.php(28): Laravel\\Lumen\\Application->run()
#38 {main}

[previous exception] [object] (PDOException(code: HY000): SQLSTATE[HY000]: General error: 1364 Field 'jurusan' doesn't have a default value at C:\\xampp\\htdocs\\rekayasa-web\\vendor\\illuminate\\database\\MySqlConnection.php:45)
[stacktrace]
#0 C:\\xampp\\htdocs\\rekayasa-web\\vendor\\illuminate\\database\\MySqlConnection.php(45): PDOStatement->execute()
#1 C:\\xampp\\htdocs\\rekayasa-web\\vendor\\illuminate\\database\\Connection.php(816): Illuminate\\Database\\MySqlConnection->Illuminate\\Database\\{closure}('insert into `ma...', Array)
#2 C:\\xampp\\htdocs\\rekayasa-web\\vendor\\illuminate\\database\\Connection.php(783): Illuminate\\Database\\Connection->runQueryCallback('insert into `ma...', Array, Object(Closure))
#3 C:\\xampp\\htdocs\\rekayasa-web\\vendor\\illuminate\\database\\MySqlConnection.php(34): Illuminate\\Database\\Connection->run('insert into `ma...', Array, Object(Closure))
#4 C:\\xampp\\htdocs\\rekayasa-web\\vendor\\illuminate\\database\\Query\\Processors\\MySqlProcessor.php(35): Illuminate\\Database\\MySqlConnection->insert('insert into `ma...', Array, 'id')
#5 C:\\xampp\\htdocs\\rekayasa-web\\vendor\\illuminate\\database\\Query\\Builder.php(3549): Illuminate\\Database\\Query\\Processors\\MySqlProcessor->processInsertGetId(Object(Illuminate\\Database\\Query\\Builder), 'insert into `ma...', Array, 'id')
#6 C:\\xampp\\htdocs\\rekayasa-web\\vendor\\illuminate\\database\\Eloquent\\Builder.php(1982): Illuminate\\Database\\Query\\Builder->insertGetId(Array, 'id')
#7 C:\\xampp\\htdocs\\rekayasa-web\\vendor\\illuminate\\database\\Eloquent\\Model.php(1334): Illuminate\\Database\\Eloquent\\Builder->__call('insertGetId', Array)
#8 C:\\xampp\\htdocs\\rekayasa-web\\vendor\\illuminate\\database\\Eloquent\\Model.php(1299): Illuminate\\Database\\Eloquent\\Model->insertAndSetId(Object(Illuminate\\Database\\Eloquent\\Builder), Array)
#9 C:\\xampp\\htdocs\\rekayasa-web\\vendor\\illuminate\\database\\Eloquent\\Model.php(1138): Illuminate\\Database\\Eloquent\\Model->performInsert(Object(Illuminate\\Database\\Eloquent\\Builder))
#10 C:\\xampp\\htdocs\\rekayasa-web\\vendor\\illuminate\\database\\Eloquent\\Builder.php(1025): Illuminate\\Database\\Eloquent\\Model->save()
#11 C:\\xampp\\htdocs\\rekayasa-web\\vendor\\illuminate\\support\\helpers.php(320): Illuminate\\Database\\Eloquent\\Builder->Illuminate\\Database\\Eloquent\\{closure}(Object(App\\Models\\Mahasiswa))
#12 C:\\xampp\\htdocs\\rekayasa-web\\vendor\\illuminate\\database\\Eloquent\\Builder.php(1024): tap(Object(App\\Models\\Mahasiswa), Object(Closure))
#13 C:\\xampp\\htdocs\\rekayasa-web\\vendor\\illuminate\\support\\Traits\\ForwardsCalls.php(23): Illuminate\\Database\\Eloquent\\Builder->create(Array)
#14 C:\\xampp\\htdocs\\rekayasa-web\\vendor\\illuminate\\database\\Eloquent\\Model.php(2335): Illuminate\\Database\\Eloquent\\Model->forwardCallTo(Object(Illuminate\\Database\\Eloquent\\Builder), 'create', Array)
#15 C:\\xampp\\htdocs\\rekayasa-web\\vendor\\illuminate\\database\\Eloquent\\Model.php(2347): Illuminate\\Database\\Eloquent\\Model->__call('create', Array)
#16 C:\\xampp\\htdocs\\rekayasa-web\\app\\Http\\Controllers\\MahasiswaController.php(20): Illuminate\\Database\\Eloquent\\Model::__callStatic('create', Array)
#17 C:\\xampp\\htdocs\\rekayasa-web\\vendor\\illuminate\\container\\BoundMethod.php(36): App\\Http\\Controllers\\MahasiswaController->create(Object(Laravel\\Lumen\\Http\\Request))
#18 C:\\xampp\\htdocs\\rekayasa-web\\vendor\\illuminate\\container\\Util.php(41): Illuminate\\Container\\BoundMethod::Illuminate\\Container\\{closure}()
#19 C:\\xampp\\htdocs\\rekayasa-web\\vendor\\illuminate\\container\\BoundMethod.php(93): Illuminate\\Container\\Util::unwrapIfClosure(Object(Closure))
#20 C:\\xampp\\htdocs\\rekayasa-web\\vendor\\illuminate\\container\\BoundMethod.php(35): Illuminate\\Container\\BoundMethod::callBoundMethod(Object(Laravel\\Lumen\\Application), Array, Object(Closure))
#21 C:\\xampp\\htdocs\\rekayasa-web\\vendor\\illuminate\\container\\Container.php(662): Illuminate\\Container\\BoundMethod::call(Object(Laravel\\Lumen\\Application), Array, Array, NULL)
#22 C:\\xampp\\htdocs\\rekayasa-web\\vendor\\laravel\\lumen-framework\\src\\Concerns\\RoutesRequests.php(391): Illuminate\\Container\\Container->call(Array, Array)
#23 C:\\xampp\\htdocs\\rekayasa-web\\vendor\\laravel\\lumen-framework\\src\\Concerns\\RoutesRequests.php(376): Laravel\\Lumen\\Application->callControllerCallable(Array, Array)
#24 C:\\xampp\\htdocs\\rekayasa-web\\vendor\\laravel\\lumen-framework\\src\\Routing\\Pipeline.php(48): Laravel\\Lumen\\Application->Laravel\\Lumen\\Concerns\\{closure}(Object(Laravel\\Lumen\\Http\\Request))
#25 C:\\xampp\\htdocs\\rekayasa-web\\app\\Http\\Middleware\\Authenticate.php(42): Laravel\\Lumen\\Routing\\Pipeline->Laravel\\Lumen\\Routing\\{closure}(Object(Laravel\\Lumen\\Http\\Request))
#26 C:\\xampp\\htdocs\\rekayasa-web\\vendor\\illuminate\\pipeline\\Pipeline.php(183): App\\Http\\Middleware\\Authenticate->handle(Object(Laravel\\Lumen\\Http\\Request), Object(Closure), 'api')
#27 C:\\xampp\\htdocs\\rekayasa-web\\vendor\\laravel\\lumen-framework\\src\\Routing\\Pipeline.php(30): Illuminate\\Pipeline\\Pipeline->Illuminate\\Pipeline\\{closure}(Object(Laravel\\Lumen\\Http\\Request))
#28 C:\\xampp\\htdocs\\rekayasa-web\\vendor\\illuminate\\pipeline\\Pipeline.php(119): Laravel\\Lumen\\Routing\\Pipeline->Laravel\\Lumen\\Routing\\{closure}(Object(Laravel\\Lumen\\Http\\Request))
#29 C:\\xampp\\htdocs\\rekayasa-web\\vendor\\laravel\\lumen-framework\\src\\Concerns\\RoutesRequests.php(428): Illuminate\\Pipeline\\Pipeline->then(Object(Closure))
#30 C:\\xampp\\htdocs\\rekayasa-web\\vendor\\laravel\\lumen-framework\\src\\Concerns\\RoutesRequests.php(375): Laravel\\Lumen\\Application->sendThroughPipeline(Array, Object(Closure))
#31 C:\\xampp\\htdocs\\rekayasa-web\\vendor\\laravel\\lumen-framework\\src\\Concerns\\RoutesRequests.php(352): Laravel\\Lumen\\Application->callLumenControllerWithMiddleware(Object(App\\Http\\Controllers\\MahasiswaController), 'create', Array, Array)
#32 C:\\xampp\\htdocs\\rekayasa-web\\vendor\\laravel\\lumen-framework\\src\\Concerns\\RoutesRequests.php(331): Laravel\\Lumen\\Application->callLumenController(Object(App\\Http\\Controllers\\MahasiswaController), 'create', Array)
#33 C:\\xampp\\htdocs\\rekayasa-web\\vendor\\laravel\\lumen-framework\\src\\Concerns\\RoutesRequests.php(284): Laravel\\Lumen\\Application->callControllerAction(Array)
#34 C:\\xampp\\htdocs\\rekayasa-web\\vendor\\laravel\\lumen-framework\\src\\Concerns\\RoutesRequests.php(269): Laravel\\Lumen\\Application->callActionOnArrayBasedRoute(Array)
#35 C:\\xampp\\htdocs\\rekayasa-web\\vendor\\laravel\\lumen-framework\\src\\Concerns\\RoutesRequests.php(171): Laravel\\Lumen\\Application->handleFoundRoute(Array)
#36 C:\\xampp\\htdocs\\rekayasa-web\\vendor\\laravel\\lumen-framework\\src\\Concerns\\RoutesRequests.php(431): Laravel\\Lumen\\Application->Laravel\\Lumen\\Concerns\\{closure}(Object(Laravel\\Lumen\\Http\\Request))
#37 C:\\xampp\\htdocs\\rekayasa-web\\vendor\\laravel\\lumen-framework\\src\\Concerns\\RoutesRequests.php(167): Laravel\\Lumen\\Application->sendThroughPipeline(Array, Object(Closure))
#38 C:\\xampp\\htdocs\\rekayasa-web\\vendor\\laravel\\lumen-framework\\src\\Concerns\\RoutesRequests.php(112): Laravel\\Lumen\\Application->dispatch(NULL)
#39 C:\\xampp\\htdocs\\rekayasa-web\\public\\index.php(28): Laravel\\Lumen\\Application->run()
#40 {main}
"} 
